2023-11-02 11:17:10 0 [Note] Starting MariaDB 10.4.28-MariaDB source revision c8f2e9a5c0ac5905f28b050b7df5a9ffd914b7e7 as process 2928
2023-11-02 11:17:10 0 [Note] InnoDB: Mutexes and rw_locks use Windows interlocked functions
2023-11-02 11:17:10 0 [Note] InnoDB: Uses event mutexes
2023-11-02 11:17:10 0 [Note] InnoDB: Compressed tables use zlib 1.2.12
2023-11-02 11:17:10 0 [Note] InnoDB: Number of pools: 1
2023-11-02 11:17:10 0 [Note] InnoDB: Using SSE2 crc32 instructions
2023-11-02 11:17:10 0 [Note] InnoDB: Initializing buffer pool, total size = 16M, instances = 1, chunk size = 16M
2023-11-02 11:17:10 0 [Note] InnoDB: Completed initialization of buffer pool
2023-11-02 11:17:10 0 [Note] InnoDB: Starting crash recovery from checkpoint LSN=300288
2023-11-02 11:17:10 0 [Note] InnoDB: 128 out of 128 rollback segments are active.
2023-11-02 11:17:10 0 [Note] InnoDB: Removed temporary tablespace data file: "ibtmp1"
2023-11-02 11:17:10 0 [Note] InnoDB: Creating shared tablespace for temporary tables
2023-11-02 11:17:10 0 [Note] InnoDB: Setting file 'C:\xampp\mysql\data\ibtmp1' size to 12 MB. Physically writing the file full; Please wait ...
2023-11-02 11:17:10 0 [Note] InnoDB: File 'C:\xampp\mysql\data\ibtmp1' size is now 12 MB.
2023-11-02 11:17:10 0 [Note] InnoDB: Waiting for purge to start
2023-11-02 11:17:10 0 [Note] InnoDB: 10.4.28 started; log sequence number 300297; transaction id 170
2023-11-02 11:17:10 0 [Note] InnoDB: Loading buffer pool(s) from C:\xampp\mysql\data\ib_buffer_pool
2023-11-02 11:17:10 0 [Note] Plugin 'FEEDBACK' is disabled.
2023-11-02 11:17:10 0 [Note] Server socket created on IP: '::'.
2023-11-02 11:17:10 0 [ERROR] Can't start server: Bind on TCP/IP port. Got error: 10048: Une seule utilisation de chaque adresse de socket (protocole/adresse réseau/port) est habituellement autorisée.

2023-11-02 11:17:10 0 [ERROR] Do you already have another mysqld server running on port: 3306 ?
2023-11-02 11:17:10 0 [ERROR] Aborting
2023-11-02 11:19:06 0 [Note] Starting MariaDB 10.4.28-MariaDB source revision c8f2e9a5c0ac5905f28b050b7df5a9ffd914b7e7 as process 3800
2023-11-02 11:19:06 0 [Note] InnoDB: Mutexes and rw_locks use Windows interlocked functions
2023-11-02 11:19:06 0 [Note] InnoDB: Uses event mutexes
2023-11-02 11:19:06 0 [Note] InnoDB: Compressed tables use zlib 1.2.12
2023-11-02 11:19:06 0 [Note] InnoDB: Number of pools: 1
2023-11-02 11:19:06 0 [Note] InnoDB: Using SSE2 crc32 instructions
2023-11-02 11:19:06 0 [Note] InnoDB: Initializing buffer pool, total size = 16M, instances = 1, chunk size = 16M
2023-11-02 11:19:06 0 [Note] InnoDB: Completed initialization of buffer pool
2023-11-02 11:19:06 0 [Note] InnoDB: 128 out of 128 rollback segments are active.
2023-11-02 11:19:06 0 [Note] InnoDB: Creating shared tablespace for temporary tables
2023-11-02 11:19:06 0 [Note] InnoDB: Setting file 'C:\xampp\mysql\data\ibtmp1' size to 12 MB. Physically writing the file full; Please wait ...
2023-11-02 11:19:06 0 [Note] InnoDB: File 'C:\xampp\mysql\data\ibtmp1' size is now 12 MB.
2023-11-02 11:19:06 0 [Note] InnoDB: Waiting for purge to start
2023-11-02 11:19:06 0 [Note] InnoDB: 10.4.28 started; log sequence number 300306; transaction id 170
2023-11-02 11:19:06 0 [Note] InnoDB: Loading buffer pool(s) from C:\xampp\mysql\data\ib_buffer_pool
2023-11-02 11:19:06 0 [Note] Plugin 'FEEDBACK' is disabled.
2023-11-02 11:19:06 0 [Note] Server socket created on IP: '::'.
2023-11-02 11:19:06 0 [ERROR] Can't start server: Bind on TCP/IP port. Got error: 10048: Une seule utilisation de chaque adresse de socket (protocole/adresse réseau/port) est habituellement autorisée.

2023-11-02 11:19:06 0 [ERROR] Do you already have another mysqld server running on port: 3306 ?
2023-11-02 11:19:06 0 [Note] InnoDB: Buffer pool(s) load completed at 231102 11:19:06
2023-11-02 11:19:06 0 [ERROR] Aborting
2023-11-02 11:19:21 0 [Note] Starting MariaDB 10.4.28-MariaDB source revision c8f2e9a5c0ac5905f28b050b7df5a9ffd914b7e7 as process 9628
2023-11-02 11:19:21 0 [Note] InnoDB: Mutexes and rw_locks use Windows interlocked functions
2023-11-02 11:19:21 0 [Note] InnoDB: Uses event mutexes
2023-11-02 11:19:21 0 [Note] InnoDB: Compressed tables use zlib 1.2.12
2023-11-02 11:19:21 0 [Note] InnoDB: Number of pools: 1
2023-11-02 11:19:21 0 [Note] InnoDB: Using SSE2 crc32 instructions
2023-11-02 11:19:21 0 [Note] InnoDB: Initializing buffer pool, total size = 16M, instances = 1, chunk size = 16M
2023-11-02 11:19:21 0 [Note] InnoDB: Completed initialization of buffer pool
2023-11-02 11:19:21 0 [Note] InnoDB: 128 out of 128 rollback segments are active.
2023-11-02 11:19:21 0 [Note] InnoDB: Creating shared tablespace for temporary tables
2023-11-02 11:19:21 0 [Note] InnoDB: Setting file 'C:\xampp\mysql\data\ibtmp1' size to 12 MB. Physically writing the file full; Please wait ...
2023-11-02 11:19:21 0 [Note] InnoDB: File 'C:\xampp\mysql\data\ibtmp1' size is now 12 MB.
2023-11-02 11:19:21 0 [Note] InnoDB: Waiting for purge to start
2023-11-02 11:19:22 0 [Note] InnoDB: 10.4.28 started; log sequence number 300315; transaction id 170
2023-11-02 11:19:22 0 [Note] InnoDB: Loading buffer pool(s) from C:\xampp\mysql\data\ib_buffer_pool
2023-11-02 11:19:22 0 [Note] Plugin 'FEEDBACK' is disabled.
2023-11-02 11:19:22 0 [Note] Server socket created on IP: '::'.
2023-11-03 10:53:56 0 [Note] Starting MariaDB 10.4.28-MariaDB source revision c8f2e9a5c0ac5905f28b050b7df5a9ffd914b7e7 as process 12692
2023-11-03 10:53:56 0 [Note] mysqld.exe: Aria engine: starting recovery
recovered pages: 0% 100% (0.0 seconds); tables to flush: 1 0
 (0.0 seconds); 
2023-11-03 10:53:56 0 [Note] mysqld.exe: Aria engine: recovery done
2023-11-03 10:53:56 0 [Note] InnoDB: Mutexes and rw_locks use Windows interlocked functions
2023-11-03 10:53:56 0 [Note] InnoDB: Uses event mutexes
2023-11-03 10:53:56 0 [Note] InnoDB: Compressed tables use zlib 1.2.12
2023-11-03 10:53:56 0 [Note] InnoDB: Number of pools: 1
2023-11-03 10:53:56 0 [Note] InnoDB: Using SSE2 crc32 instructions
2023-11-03 10:53:56 0 [Note] InnoDB: Initializing buffer pool, total size = 16M, instances = 1, chunk size = 16M
2023-11-03 10:53:56 0 [Note] InnoDB: Completed initialization of buffer pool
2023-11-03 10:53:56 0 [Note] InnoDB: Starting crash recovery from checkpoint LSN=312680
2023-11-03 10:53:56 0 [Note] InnoDB: 128 out of 128 rollback segments are active.
2023-11-03 10:53:56 0 [Note] InnoDB: Removed temporary tablespace data file: "ibtmp1"
2023-11-03 10:53:56 0 [Note] InnoDB: Creating shared tablespace for temporary tables
2023-11-03 10:53:56 0 [Note] InnoDB: Setting file 'C:\xampp\mysql\data\ibtmp1' size to 12 MB. Physically writing the file full; Please wait ...
2023-11-03 10:53:56 0 [Note] InnoDB: File 'C:\xampp\mysql\data\ibtmp1' size is now 12 MB.
2023-11-03 10:53:56 0 [Note] InnoDB: Waiting for purge to start
2023-11-03 10:53:56 0 [Note] InnoDB: 10.4.28 started; log sequence number 312689; transaction id 225
2023-11-03 10:53:56 0 [Note] InnoDB: Loading buffer pool(s) from C:\xampp\mysql\data\ib_buffer_pool
2023-11-03 10:53:56 0 [Note] Plugin 'FEEDBACK' is disabled.
2023-11-03 10:53:56 0 [Note] InnoDB: Buffer pool(s) load completed at 231103 10:53:56
2023-11-03 10:53:56 0 [Note] Server socket created on IP: '::'.
2023-11-04  7:08:19 0 [Note] Starting MariaDB 10.4.28-MariaDB source revision c8f2e9a5c0ac5905f28b050b7df5a9ffd914b7e7 as process 13572
2023-11-04  7:08:19 0 [Note] InnoDB: Mutexes and rw_locks use Windows interlocked functions
2023-11-04  7:08:19 0 [Note] InnoDB: Uses event mutexes
2023-11-04  7:08:19 0 [Note] InnoDB: Compressed tables use zlib 1.2.12
2023-11-04  7:08:19 0 [Note] InnoDB: Number of pools: 1
2023-11-04  7:08:19 0 [Note] InnoDB: Using SSE2 crc32 instructions
2023-11-04  7:08:19 0 [Note] InnoDB: Initializing buffer pool, total size = 16M, instances = 1, chunk size = 16M
2023-11-04  7:08:19 0 [Note] InnoDB: Completed initialization of buffer pool
2023-11-04  7:08:19 0 [Note] InnoDB: Starting crash recovery from checkpoint LSN=371296
2023-11-04  7:08:20 0 [Note] InnoDB: 128 out of 128 rollback segments are active.
2023-11-04  7:08:20 0 [Note] InnoDB: Removed temporary tablespace data file: "ibtmp1"
2023-11-04  7:08:20 0 [Note] InnoDB: Creating shared tablespace for temporary tables
2023-11-04  7:08:20 0 [Note] InnoDB: Setting file 'C:\xampp\mysql\data\ibtmp1' size to 12 MB. Physically writing the file full; Please wait ...
2023-11-04  7:08:20 0 [Note] InnoDB: File 'C:\xampp\mysql\data\ibtmp1' size is now 12 MB.
2023-11-04  7:08:20 0 [Note] InnoDB: Waiting for purge to start
2023-11-04  7:08:20 0 [Note] InnoDB: 10.4.28 started; log sequence number 371305; transaction id 384
2023-11-04  7:08:20 0 [Note] Plugin 'FEEDBACK' is disabled.
2023-11-04  7:08:20 0 [Note] InnoDB: Loading buffer pool(s) from C:\xampp\mysql\data\ib_buffer_pool
2023-11-04  7:08:20 0 [Note] InnoDB: Buffer pool(s) load completed at 231104  7:08:20
2023-11-04  7:08:20 0 [Note] Server socket created on IP: '::'.
2023-11-04 21:53:01 0 [Note] Starting MariaDB 10.4.28-MariaDB source revision c8f2e9a5c0ac5905f28b050b7df5a9ffd914b7e7 as process 4572
2023-11-04 21:53:01 0 [Note] InnoDB: Mutexes and rw_locks use Windows interlocked functions
2023-11-04 21:53:01 0 [Note] InnoDB: Uses event mutexes
2023-11-04 21:53:01 0 [Note] InnoDB: Compressed tables use zlib 1.2.12
2023-11-04 21:53:01 0 [Note] InnoDB: Number of pools: 1
2023-11-04 21:53:01 0 [Note] InnoDB: Using SSE2 crc32 instructions
2023-11-04 21:53:01 0 [Note] InnoDB: Initializing buffer pool, total size = 16M, instances = 1, chunk size = 16M
2023-11-04 21:53:01 0 [Note] InnoDB: Completed initialization of buffer pool
2023-11-04 21:53:01 0 [Note] InnoDB: Starting crash recovery from checkpoint LSN=378316
2023-11-04 21:53:01 0 [Note] InnoDB: 128 out of 128 rollback segments are active.
2023-11-04 21:53:01 0 [Note] InnoDB: Removed temporary tablespace data file: "ibtmp1"
2023-11-04 21:53:01 0 [Note] InnoDB: Creating shared tablespace for temporary tables
2023-11-04 21:53:01 0 [Note] InnoDB: Setting file 'C:\xampp\mysql\data\ibtmp1' size to 12 MB. Physically writing the file full; Please wait ...
2023-11-04 21:53:01 0 [Note] InnoDB: File 'C:\xampp\mysql\data\ibtmp1' size is now 12 MB.
2023-11-04 21:53:01 0 [Note] InnoDB: Waiting for purge to start
2023-11-04 21:53:01 0 [Note] InnoDB: 10.4.28 started; log sequence number 378325; transaction id 429
2023-11-04 21:53:01 0 [Note] InnoDB: Loading buffer pool(s) from C:\xampp\mysql\data\ib_buffer_pool
2023-11-04 21:53:01 0 [Note] Plugin 'FEEDBACK' is disabled.
2023-11-04 21:53:01 0 [Note] InnoDB: Buffer pool(s) load completed at 231104 21:53:01
2023-11-04 21:53:01 0 [Note] Server socket created on IP: '::'.
2023-11-05  7:59:50 0 [Note] Starting MariaDB 10.4.28-MariaDB source revision c8f2e9a5c0ac5905f28b050b7df5a9ffd914b7e7 as process 8896
2023-11-05  7:59:50 0 [Note] InnoDB: Mutexes and rw_locks use Windows interlocked functions
2023-11-05  7:59:50 0 [Note] InnoDB: Uses event mutexes
2023-11-05  7:59:50 0 [Note] InnoDB: Compressed tables use zlib 1.2.12
2023-11-05  7:59:50 0 [Note] InnoDB: Number of pools: 1
2023-11-05  7:59:50 0 [Note] InnoDB: Using SSE2 crc32 instructions
2023-11-05  7:59:50 0 [Note] InnoDB: Initializing buffer pool, total size = 16M, instances = 1, chunk size = 16M
2023-11-05  7:59:50 0 [Note] InnoDB: Completed initialization of buffer pool
2023-11-05  7:59:50 0 [Note] InnoDB: Starting crash recovery from checkpoint LSN=378334
2023-11-05  7:59:51 0 [Note] InnoDB: 128 out of 128 rollback segments are active.
2023-11-05  7:59:51 0 [Note] InnoDB: Removed temporary tablespace data file: "ibtmp1"
2023-11-05  7:59:51 0 [Note] InnoDB: Creating shared tablespace for temporary tables
2023-11-05  7:59:51 0 [Note] InnoDB: Setting file 'C:\xampp\mysql\data\ibtmp1' size to 12 MB. Physically writing the file full; Please wait ...
2023-11-05  7:59:51 0 [Note] InnoDB: File 'C:\xampp\mysql\data\ibtmp1' size is now 12 MB.
2023-11-05  7:59:51 0 [Note] InnoDB: Waiting for purge to start
2023-11-05  7:59:51 0 [Note] InnoDB: 10.4.28 started; log sequence number 378343; transaction id 429
2023-11-05  7:59:51 0 [Note] InnoDB: Loading buffer pool(s) from C:\xampp\mysql\data\ib_buffer_pool
2023-11-05  7:59:51 0 [Note] Plugin 'FEEDBACK' is disabled.
2023-11-05  7:59:51 0 [Note] InnoDB: Buffer pool(s) load completed at 231105  7:59:51
2023-11-05  7:59:51 0 [Note] Server socket created on IP: '::'.
2023-11-05 16:42:43 0 [Note] Starting MariaDB 10.4.28-MariaDB source revision c8f2e9a5c0ac5905f28b050b7df5a9ffd914b7e7 as process 3892
2023-11-05 16:42:43 0 [Note] InnoDB: Mutexes and rw_locks use Windows interlocked functions
2023-11-05 16:42:43 0 [Note] InnoDB: Uses event mutexes
2023-11-05 16:42:43 0 [Note] InnoDB: Compressed tables use zlib 1.2.12
2023-11-05 16:42:43 0 [Note] InnoDB: Number of pools: 1
2023-11-05 16:42:43 0 [Note] InnoDB: Using SSE2 crc32 instructions
2023-11-05 16:42:43 0 [Note] InnoDB: Initializing buffer pool, total size = 16M, instances = 1, chunk size = 16M
2023-11-05 16:42:43 0 [Note] InnoDB: Completed initialization of buffer pool
2023-11-05 16:42:43 0 [Note] InnoDB: Starting crash recovery from checkpoint LSN=378352
2023-11-05 16:42:44 0 [Note] InnoDB: 128 out of 128 rollback segments are active.
2023-11-05 16:42:44 0 [Note] InnoDB: Removed temporary tablespace data file: "ibtmp1"
2023-11-05 16:42:44 0 [Note] InnoDB: Creating shared tablespace for temporary tables
2023-11-05 16:42:44 0 [Note] InnoDB: Setting file 'C:\xampp\mysql\data\ibtmp1' size to 12 MB. Physically writing the file full; Please wait ...
2023-11-05 16:42:44 0 [Note] InnoDB: File 'C:\xampp\mysql\data\ibtmp1' size is now 12 MB.
2023-11-05 16:42:44 0 [Note] InnoDB: Waiting for purge to start
2023-11-05 16:42:44 0 [Note] InnoDB: 10.4.28 started; log sequence number 378361; transaction id 429
2023-11-05 16:42:44 0 [Note] InnoDB: Loading buffer pool(s) from C:\xampp\mysql\data\ib_buffer_pool
2023-11-05 16:42:44 0 [Note] Plugin 'FEEDBACK' is disabled.
2023-11-05 16:42:44 0 [Note] InnoDB: Buffer pool(s) load completed at 231105 16:42:44
2023-11-05 16:42:44 0 [Note] Server socket created on IP: '::'.
